[2022-09-17 10:17:25] local.ERROR: SQLSTATE[HY000] [1045] Access denied for user 'root'@'localhost' (using password: NO) (SQL: select * from information_schema.tables where table_schema = laravel and table_name = migrations and table_type = 'BASE TABLE') {"exception":"[object] (Illuminate\\Database\\QueryException(code: 1045): SQLSTATE[HY000] [1045] Access denied for user 'root'@'localhost' (using password: NO) (SQL: select * from information_schema.tables where table_schema = laravel and table_name = migrations and table_type = 'BASE TABLE') at /var/www/officiarycare/api/vendor/laravel/framework/src/Illuminate/Database/Connection.php:759)
[stacktrace]
#0 /var/www/officiarycare/api/vendor/laravel/framework/src/Illuminate/Database/Connection.php(719): Illuminate\\Database\\Connection->runQueryCallback()
#1 /var/www/officiarycare/api/vendor/laravel/framework/src/Illuminate/Database/Connection.php(421): Illuminate\\Database\\Connection->run()
#2 /var/www/officiarycare/api/vendor/laravel/framework/src/Illuminate/Database/Schema/MySqlBuilder.php(44): Illuminate\\Database\\Connection->select()
#3 /var/www/officiarycare/api/vendor/laravel/framework/src/Illuminate/Database/Migrations/DatabaseMigrationRepository.php(169): Illuminate\\Database\\Schema\\MySqlBuilder->hasTable()
#4 /var/www/officiarycare/api/vendor/laravel/framework/src/Illuminate/Database/Migrations/Migrator.php(683): Illuminate\\Database\\Migrations\\DatabaseMigrationRepository->repositoryExists()
#5 /var/www/officiarycare/api/vendor/laravel/framework/src/Illuminate/Database/Console/Migrations/MigrateCommand.php(136): Illuminate\\Database\\Migrations\\Migrator->repositoryExists()
#6 /var/www/officiarycare/api/vendor/laravel/framework/src/Illuminate/Support/helpers.php(243): Illuminate\\Database\\Console\\Migrations\\MigrateCommand->Illuminate\\Database\\Console\\Migrations\\{closure}()
#7 /var/www/officiarycare/api/vendor/laravel/framework/src/Illuminate/Database/Console/Migrations/MigrateCommand.php(156): retry()
#8 /var/www/officiarycare/api/vendor/laravel/framework/src/Illuminate/Database/Console/Migrations/MigrateCommand.php(112): Illuminate\\Database\\Console\\Migrations\\MigrateCommand->repositoryExists()
#9 /var/www/officiarycare/api/vendor/laravel/framework/src/Illuminate/Database/Console/Migrations/MigrateCommand.php(80): Illuminate\\Database\\Console\\Migrations\\MigrateCommand->prepareDatabase()
#10 /var/www/officiarycare/api/vendor/laravel/framework/src/Illuminate/Database/Migrations/Migrator.php(616): Illuminate\\Database\\Console\\Migrations\\MigrateCommand->Illuminate\\Database\\Console\\Migrations\\{closure}()
#11 /var/www/officiarycare/api/vendor/laravel/framework/src/Illuminate/Database/Console/Migrations/MigrateCommand.php(100): Illuminate\\Database\\Migrations\\Migrator->usingConnection()
#12 /var/www/officiarycare/api/vendor/laravel/framework/src/Illuminate/Container/BoundMethod.php(36): Illuminate\\Database\\Console\\Migrations\\MigrateCommand->handle()
#13 /var/www/officiarycare/api/vendor/laravel/framework/src/Illuminate/Container/Util.php(41): Illuminate\\Container\\BoundMethod::Illuminate\\Container\\{closure}()
#14 /var/www/officiarycare/api/vendor/laravel/framework/src/Illuminate/Container/BoundMethod.php(93): Illuminate\\Container\\Util::unwrapIfClosure()
#15 /var/www/officiarycare/api/vendor/laravel/framework/src/Illuminate/Container/BoundMethod.php(37): Illuminate\\Container\\BoundMethod::callBoundMethod()
#16 /var/www/officiarycare/api/vendor/laravel/framework/src/Illuminate/Container/Container.php(651): Illuminate\\Container\\BoundMethod::call()
#17 /var/www/officiarycare/api/vendor/laravel/framework/src/Illuminate/Console/Command.php(144): Illuminate\\Container\\Container->call()
#18 /var/www/officiarycare/api/vendor/symfony/console/Command/Command.php(291): Illuminate\\Console\\Command->execute()
#19 /var/www/officiarycare/api/vendor/laravel/framework/src/Illuminate/Console/Command.php(126): Symfony\\Component\\Console\\Command\\Command->run()
#20 /var/www/officiarycare/api/vendor/symfony/console/Application.php(1002): Illuminate\\Console\\Command->run()
#21 /var/www/officiarycare/api/vendor/symfony/console/Application.php(299): Symfony\\Component\\Console\\Application->doRunCommand()
#22 /var/www/officiarycare/api/vendor/symfony/console/Application.php(171): Symfony\\Component\\Console\\Application->doRun()
#23 /var/www/officiarycare/api/vendor/laravel/framework/src/Illuminate/Console/Application.php(102): Symfony\\Component\\Console\\Application->run()
#24 /var/www/officiarycare/api/vendor/laravel/framework/src/Illuminate/Foundation/Console/Kernel.php(129): Illuminate\\Console\\Application->run()
#25 /var/www/officiarycare/api/artisan(37): Illuminate\\Foundation\\Console\\Kernel->handle()
#26 {main}

[previous exception] [object] (PDOException(code: 1045): SQLSTATE[HY000] [1045] Access denied for user 'root'@'localhost' (using password: NO) at /var/www/officiarycare/api/vendor/laravel/framework/src/Illuminate/Database/Connectors/Connector.php:70)
[stacktrace]
#0 /var/www/officiarycare/api/vendor/laravel/framework/src/Illuminate/Database/Connectors/Connector.php(70): PDO->__construct()
#1 /var/www/officiarycare/api/vendor/laravel/framework/src/Illuminate/Database/Connectors/Connector.php(46): Illuminate\\Database\\Connectors\\Connector->createPdoConnection()
#2 /var/www/officiarycare/api/vendor/laravel/framework/src/Illuminate/Database/Connectors/MySqlConnector.php(24): Illuminate\\Database\\Connectors\\Connector->createConnection()
#3 /var/www/officiarycare/api/vendor/laravel/framework/src/Illuminate/Database/Connectors/ConnectionFactory.php(184): Illuminate\\Database\\Connectors\\MySqlConnector->connect()
#4 [internal function]: Illuminate\\Database\\Connectors\\ConnectionFactory->Illuminate\\Database\\Connectors\\{closure}()
#5 /var/www/officiarycare/api/vendor/laravel/framework/src/Illuminate/Database/Connection.php(1168): call_user_func()
#6 /var/www/officiarycare/api/vendor/laravel/framework/src/Illuminate/Database/Connection.php(1204): Illuminate\\Database\\Connection->getPdo()
#7 /var/www/officiarycare/api/vendor/laravel/framework/src/Illuminate/Database/Connection.php(485): Illuminate\\Database\\Connection->getReadPdo()
#8 /var/www/officiarycare/api/vendor/laravel/framework/src/Illuminate/Database/Connection.php(413): Illuminate\\Database\\Connection->getPdoForSelect()
#9 /var/www/officiarycare/api/vendor/laravel/framework/src/Illuminate/Database/Connection.php(752): Illuminate\\Database\\Connection->Illuminate\\Database\\{closure}()
#10 /var/www/officiarycare/api/vendor/laravel/framework/src/Illuminate/Database/Connection.php(719): Illuminate\\Database\\Connection->runQueryCallback()
#11 /var/www/officiarycare/api/vendor/laravel/framework/src/Illuminate/Database/Connection.php(421): Illuminate\\Database\\Connection->run()
#12 /var/www/officiarycare/api/vendor/laravel/framework/src/Illuminate/Database/Schema/MySqlBuilder.php(44): Illuminate\\Database\\Connection->select()
#13 /var/www/officiarycare/api/vendor/laravel/framework/src/Illuminate/Database/Migrations/DatabaseMigrationRepository.php(169): Illuminate\\Database\\Schema\\MySqlBuilder->hasTable()
#14 /var/www/officiarycare/api/vendor/laravel/framework/src/Illuminate/Database/Migrations/Migrator.php(683): Illuminate\\Database\\Migrations\\DatabaseMigrationRepository->repositoryExists()
#15 /var/www/officiarycare/api/vendor/laravel/framework/src/Illuminate/Database/Console/Migrations/MigrateCommand.php(136): Illuminate\\Database\\Migrations\\Migrator->repositoryExists()
#16 /var/www/officiarycare/api/vendor/laravel/framework/src/Illuminate/Support/helpers.php(243): Illuminate\\Database\\Console\\Migrations\\MigrateCommand->Illuminate\\Database\\Console\\Migrations\\{closure}()
#17 /var/www/officiarycare/api/vendor/laravel/framework/src/Illuminate/Database/Console/Migrations/MigrateCommand.php(156): retry()
#18 /var/www/officiarycare/api/vendor/laravel/framework/src/Illuminate/Database/Console/Migrations/MigrateCommand.php(112): Illuminate\\Database\\Console\\Migrations\\MigrateCommand->repositoryExists()
#19 /var/www/officiarycare/api/vendor/laravel/framework/src/Illuminate/Database/Console/Migrations/MigrateCommand.php(80): Illuminate\\Database\\Console\\Migrations\\MigrateCommand->prepareDatabase()
#20 /var/www/officiarycare/api/vendor/laravel/framework/src/Illuminate/Database/Migrations/Migrator.php(616): Illuminate\\Database\\Console\\Migrations\\MigrateCommand->Illuminate\\Database\\Console\\Migrations\\{closure}()
#21 /var/www/officiarycare/api/vendor/laravel/framework/src/Illuminate/Database/Console/Migrations/MigrateCommand.php(100): Illuminate\\Database\\Migrations\\Migrator->usingConnection()
#22 /var/www/officiarycare/api/vendor/laravel/framework/src/Illuminate/Container/BoundMethod.php(36): Illuminate\\Database\\Console\\Migrations\\MigrateCommand->handle()
#23 /var/www/officiarycare/api/vendor/laravel/framework/src/Illuminate/Container/Util.php(41): Illuminate\\Container\\BoundMethod::Illuminate\\Container\\{closure}()
#24 /var/www/officiarycare/api/vendor/laravel/framework/src/Illuminate/Container/BoundMethod.php(93): Illuminate\\Container\\Util::unwrapIfClosure()
#25 /var/www/officiarycare/api/vendor/laravel/framework/src/Illuminate/Container/BoundMethod.php(37): Illuminate\\Container\\BoundMethod::callBoundMethod()
#26 /var/www/officiarycare/api/vendor/laravel/framework/src/Illuminate/Container/Container.php(651): Illuminate\\Container\\BoundMethod::call()
#27 /var/www/officiarycare/api/vendor/laravel/framework/src/Illuminate/Console/Command.php(144): Illuminate\\Container\\Container->call()
#28 /var/www/officiarycare/api/vendor/symfony/console/Command/Command.php(291): Illuminate\\Console\\Command->execute()
#29 /var/www/officiarycare/api/vendor/laravel/framework/src/Illuminate/Console/Command.php(126): Symfony\\Component\\Console\\Command\\Command->run()
#30 /var/www/officiarycare/api/vendor/symfony/console/Application.php(1002): Illuminate\\Console\\Command->run()
#31 /var/www/officiarycare/api/vendor/symfony/console/Application.php(299): Symfony\\Component\\Console\\Application->doRunCommand()
#32 /var/www/officiarycare/api/vendor/symfony/console/Application.php(171): Symfony\\Component\\Console\\Application->doRun()
#33 /var/www/officiarycare/api/vendor/laravel/framework/src/Illuminate/Console/Application.php(102): Symfony\\Component\\Console\\Application->run()
#34 /var/www/officiarycare/api/vendor/laravel/framework/src/Illuminate/Foundation/Console/Kernel.php(129): Illuminate\\Console\\Application->run()
#35 /var/www/officiarycare/api/artisan(37): Illuminate\\Foundation\\Console\\Kernel->handle()
#36 {main}
"} 
[2022-09-17 10:19:12] local.ERROR: Call to undefined function Termwind\ValueObjects\mb_strimwidth() {"exception":"[object] (Error(code: 0): Call to undefined function Termwind\\ValueObjects\\mb_strimwidth() at /var/www/officiarycare/api/vendor/nunomaduro/termwind/src/ValueObjects/Styles.php:1043)
[stacktrace]
#0 /var/www/officiarycare/api/vendor/nunomaduro/termwind/src/ValueObjects/Styles.php(861): Termwind\\ValueObjects\\Styles::trimText()
#1 /var/www/officiarycare/api/vendor/nunomaduro/termwind/src/ValueObjects/Styles.php(724): Termwind\\ValueObjects\\Styles->applyWidth()
#2 /var/www/officiarycare/api/vendor/nunomaduro/termwind/src/Components/Element.php(77): Termwind\\ValueObjects\\Styles->format()
#3 /var/www/officiarycare/api/vendor/nunomaduro/termwind/src/Components/Element.php(119): Termwind\\Components\\Element->toString()
#4 [internal function]: Termwind\\Components\\Element->__toString()
#5 /var/www/officiarycare/api/vendor/nunomaduro/termwind/src/Components/Element.php(74): implode()
#6 /var/www/officiarycare/api/vendor/nunomaduro/termwind/src/Components/Element.php(111): Termwind\\Components\\Element->toString()
#7 /var/www/officiarycare/api/vendor/nunomaduro/termwind/src/HtmlRenderer.php(24): Termwind\\Components\\Element->render()
#8 /var/www/officiarycare/api/vendor/nunomaduro/termwind/src/Functions.php(41): Termwind\\HtmlRenderer->render()
#9 /var/www/officiarycare/api/vendor/laravel/framework/src/Illuminate/Console/View/Components/Component.php(51): Termwind\\render()
#10 /var/www/officiarycare/api/vendor/laravel/framework/src/Illuminate/Console/View/Components/TwoColumnDetail.php(31): Illuminate\\Console\\View\\Components\\Component->renderView()
#11 /var/www/officiarycare/api/vendor/laravel/framework/src/Illuminate/Database/Migrations/Migrator.php(740): Illuminate\\Console\\View\\Components\\TwoColumnDetail->render()
#12 /var/www/officiarycare/api/vendor/laravel/framework/src/Illuminate/Database/Migrations/Migrator.php(287): Illuminate\\Database\\Migrations\\Migrator->write()
#13 /var/www/officiarycare/api/vendor/laravel/framework/src/Illuminate/Database/Migrations/Migrator.php(350): Illuminate\\Database\\Migrations\\Migrator->rollbackMigrations()
#14 /var/www/officiarycare/api/vendor/laravel/framework/src/Illuminate/Database/Migrations/Migrator.php(325): Illuminate\\Database\\Migrations\\Migrator->resetMigrations()
#15 /var/www/officiarycare/api/vendor/laravel/framework/src/Illuminate/Database/Console/Migrations/ResetCommand.php(67): Illuminate\\Database\\Migrations\\Migrator->reset()
#16 /var/www/officiarycare/api/vendor/laravel/framework/src/Illuminate/Database/Migrations/Migrator.php(616): Illuminate\\Database\\Console\\Migrations\\ResetCommand->Illuminate\\Database\\Console\\Migrations\\{closure}()
#17 /var/www/officiarycare/api/vendor/laravel/framework/src/Illuminate/Database/Console/Migrations/ResetCommand.php(69): Illuminate\\Database\\Migrations\\Migrator->usingConnection()
#18 /var/www/officiarycare/api/vendor/laravel/framework/src/Illuminate/Container/BoundMethod.php(36): Illuminate\\Database\\Console\\Migrations\\ResetCommand->handle()
#19 /var/www/officiarycare/api/vendor/laravel/framework/src/Illuminate/Container/Util.php(41): Illuminate\\Container\\BoundMethod::Illuminate\\Container\\{closure}()
#20 /var/www/officiarycare/api/vendor/laravel/framework/src/Illuminate/Container/BoundMethod.php(93): Illuminate\\Container\\Util::unwrapIfClosure()
#21 /var/www/officiarycare/api/vendor/laravel/framework/src/Illuminate/Container/BoundMethod.php(37): Illuminate\\Container\\BoundMethod::callBoundMethod()
#22 /var/www/officiarycare/api/vendor/laravel/framework/src/Illuminate/Container/Container.php(651): Illuminate\\Container\\BoundMethod::call()
#23 /var/www/officiarycare/api/vendor/laravel/framework/src/Illuminate/Console/Command.php(144): Illuminate\\Container\\Container->call()
#24 /var/www/officiarycare/api/vendor/symfony/console/Command/Command.php(291): Illuminate\\Console\\Command->execute()
#25 /var/www/officiarycare/api/vendor/laravel/framework/src/Illuminate/Console/Command.php(126): Symfony\\Component\\Console\\Command\\Command->run()
#26 /var/www/officiarycare/api/vendor/laravel/framework/src/Illuminate/Console/Concerns/CallsCommands.php(68): Illuminate\\Console\\Command->run()
#27 /var/www/officiarycare/api/vendor/laravel/framework/src/Illuminate/Console/Concerns/CallsCommands.php(28): Illuminate\\Console\\Command->runCommand()
#28 /var/www/officiarycare/api/vendor/laravel/framework/src/Illuminate/Database/Console/Migrations/RefreshCommand.php(110): Illuminate\\Console\\Command->call()
#29 /var/www/officiarycare/api/vendor/laravel/framework/src/Illuminate/Database/Console/Migrations/RefreshCommand.php(55): Illuminate\\Database\\Console\\Migrations\\RefreshCommand->runReset()
#30 /var/www/officiarycare/api/vendor/laravel/framework/src/Illuminate/Container/BoundMethod.php(36): Illuminate\\Database\\Console\\Migrations\\RefreshCommand->handle()
#31 /var/www/officiarycare/api/vendor/laravel/framework/src/Illuminate/Container/Util.php(41): Illuminate\\Container\\BoundMethod::Illuminate\\Container\\{closure}()
#32 /var/www/officiarycare/api/vendor/laravel/framework/src/Illuminate/Container/BoundMethod.php(93): Illuminate\\Container\\Util::unwrapIfClosure()
#33 /var/www/officiarycare/api/vendor/laravel/framework/src/Illuminate/Container/BoundMethod.php(37): Illuminate\\Container\\BoundMethod::callBoundMethod()
#34 /var/www/officiarycare/api/vendor/laravel/framework/src/Illuminate/Container/Container.php(651): Illuminate\\Container\\BoundMethod::call()
#35 /var/www/officiarycare/api/vendor/laravel/framework/src/Illuminate/Console/Command.php(144): Illuminate\\Container\\Container->call()
#36 /var/www/officiarycare/api/vendor/symfony/console/Command/Command.php(291): Illuminate\\Console\\Command->execute()
#37 /var/www/officiarycare/api/vendor/laravel/framework/src/Illuminate/Console/Command.php(126): Symfony\\Component\\Console\\Command\\Command->run()
#38 /var/www/officiarycare/api/vendor/symfony/console/Application.php(1002): Illuminate\\Console\\Command->run()
#39 /var/www/officiarycare/api/vendor/symfony/console/Application.php(299): Symfony\\Component\\Console\\Application->doRunCommand()
#40 /var/www/officiarycare/api/vendor/symfony/console/Application.php(171): Symfony\\Component\\Console\\Application->doRun()
#41 /var/www/officiarycare/api/vendor/laravel/framework/src/Illuminate/Console/Application.php(102): Symfony\\Component\\Console\\Application->run()
#42 /var/www/officiarycare/api/vendor/laravel/framework/src/Illuminate/Foundation/Console/Kernel.php(129): Illuminate\\Console\\Application->run()
#43 /var/www/officiarycare/api/artisan(37): Illuminate\\Foundation\\Console\\Kernel->handle()
#44 {main}
"} 
[2022-09-22 19:04:13] local.ERROR: Class "App\Http\Controllers\Api\ApiController" not found {"exception":"[object] (Error(code: 0): Class \"App\\Http\\Controllers\\Api\\ApiController\" not found at /var/www/officiarycare/api/app/Http/Controllers/DepartmentController.php:11)
[stacktrace]
#0 /var/www/officiarycare/api/vendor/composer/ClassLoader.php(571): include()
#1 /var/www/officiarycare/api/vendor/composer/ClassLoader.php(428): Composer\\Autoload\\includeFile()
#2 [internal function]: Composer\\Autoload\\ClassLoader->loadClass()
#3 /var/www/officiarycare/api/vendor/laravel/framework/src/Illuminate/Container/Container.php(875): ReflectionClass->__construct()
#4 /var/www/officiarycare/api/vendor/laravel/framework/src/Illuminate/Container/Container.php(756): Illuminate\\Container\\Container->build()
#5 /var/www/officiarycare/api/vendor/laravel/framework/src/Illuminate/Foundation/Application.php(860): Illuminate\\Container\\Container->resolve()
#6 /var/www/officiarycare/api/vendor/laravel/framework/src/Illuminate/Container/Container.php(692): Illuminate\\Foundation\\Application->resolve()
#7 /var/www/officiarycare/api/vendor/laravel/framework/src/Illuminate/Foundation/Application.php(845): Illuminate\\Container\\Container->make()
#8 /var/www/officiarycare/api/vendor/laravel/framework/src/Illuminate/Routing/Route.php(275): Illuminate\\Foundation\\Application->make()
#9 /var/www/officiarycare/api/vendor/laravel/framework/src/Illuminate/Routing/Route.php(1077): Illuminate\\Routing\\Route->getController()
#10 /var/www/officiarycare/api/vendor/laravel/framework/src/Illuminate/Routing/Route.php(1020): Illuminate\\Routing\\Route->controllerMiddleware()
#11 /var/www/officiarycare/api/vendor/laravel/framework/src/Illuminate/Routing/Router.php(737): Illuminate\\Routing\\Route->gatherMiddleware()
#12 /var/www/officiarycare/api/vendor/laravel/framework/src/Illuminate/Foundation/Console/RouteListCommand.php(210): Illuminate\\Routing\\Router->gatherRouteMiddleware()
#13 /var/www/officiarycare/api/vendor/laravel/framework/src/Illuminate/Foundation/Console/RouteListCommand.php(155): Illuminate\\Foundation\\Console\\RouteListCommand->getMiddleware()
#14 /var/www/officiarycare/api/vendor/laravel/framework/src/Illuminate/Foundation/Console/RouteListCommand.php(125): Illuminate\\Foundation\\Console\\RouteListCommand->getRouteInformation()
#15 [internal function]: Illuminate\\Foundation\\Console\\RouteListCommand->Illuminate\\Foundation\\Console\\{closure}()
#16 /var/www/officiarycare/api/vendor/laravel/framework/src/Illuminate/Collections/Arr.php(560): array_map()
#17 /var/www/officiarycare/api/vendor/laravel/framework/src/Illuminate/Collections/Collection.php(719): Illuminate\\Support\\Arr::map()
#18 /var/www/officiarycare/api/vendor/laravel/framework/src/Illuminate/Foundation/Console/RouteListCommand.php(126): Illuminate\\Support\\Collection->map()
#19 /var/www/officiarycare/api/vendor/laravel/framework/src/Illuminate/Foundation/Console/RouteListCommand.php(110): Illuminate\\Foundation\\Console\\RouteListCommand->getRoutes()
#20 /var/www/officiarycare/api/vendor/laravel/framework/src/Illuminate/Container/BoundMethod.php(36): Illuminate\\Foundation\\Console\\RouteListCommand->handle()
#21 /var/www/officiarycare/api/vendor/laravel/framework/src/Illuminate/Container/Util.php(41): Illuminate\\Container\\BoundMethod::Illuminate\\Container\\{closure}()
#22 /var/www/officiarycare/api/vendor/laravel/framework/src/Illuminate/Container/BoundMethod.php(93): Illuminate\\Container\\Util::unwrapIfClosure()
#23 /var/www/officiarycare/api/vendor/laravel/framework/src/Illuminate/Container/BoundMethod.php(37): Illuminate\\Container\\BoundMethod::callBoundMethod()
#24 /var/www/officiarycare/api/vendor/laravel/framework/src/Illuminate/Container/Container.php(651): Illuminate\\Container\\BoundMethod::call()
#25 /var/www/officiarycare/api/vendor/laravel/framework/src/Illuminate/Console/Command.php(144): Illuminate\\Container\\Container->call()
#26 /var/www/officiarycare/api/vendor/symfony/console/Command/Command.php(291): Illuminate\\Console\\Command->execute()
#27 /var/www/officiarycare/api/vendor/laravel/framework/src/Illuminate/Console/Command.php(126): Symfony\\Component\\Console\\Command\\Command->run()
#28 /var/www/officiarycare/api/vendor/symfony/console/Application.php(1002): Illuminate\\Console\\Command->run()
#29 /var/www/officiarycare/api/vendor/symfony/console/Application.php(299): Symfony\\Component\\Console\\Application->doRunCommand()
#30 /var/www/officiarycare/api/vendor/symfony/console/Application.php(171): Symfony\\Component\\Console\\Application->doRun()
#31 /var/www/officiarycare/api/vendor/laravel/framework/src/Illuminate/Console/Application.php(102): Symfony\\Component\\Console\\Application->run()
#32 /var/www/officiarycare/api/vendor/laravel/framework/src/Illuminate/Foundation/Console/Kernel.php(129): Illuminate\\Console\\Application->run()
#33 /var/www/officiarycare/api/artisan(37): Illuminate\\Foundation\\Console\\Kernel->handle()
#34 {main}
"} 
[2022-09-22 19:49:55] local.ERROR: Session store not set on request. {"userId":1,"exception":"[object] (RuntimeException(code: 0): Session store not set on request. at /var/www/officiarycare/api/vendor/laravel/framework/src/Illuminate/Http/Request.php:558)
[stacktrace]
#0 /var/www/officiarycare/api/app/Http/Controllers/Auth/AuthenticatedSessionController.php(22): Illuminate\\Http\\Request->session()
#1 /var/www/officiarycare/api/vendor/laravel/framework/src/Illuminate/Routing/Controller.php(54): App\\Http\\Controllers\\Auth\\AuthenticatedSessionController->store()
#2 /var/www/officiarycare/api/vendor/laravel/framework/src/Illuminate/Routing/ControllerDispatcher.php(45): Illuminate\\Routing\\Controller->callAction()
#3 /var/www/officiarycare/api/vendor/laravel/framework/src/Illuminate/Routing/Route.php(261): Illuminate\\Routing\\ControllerDispatcher->dispatch()
#4 /var/www/officiarycare/api/vendor/laravel/framework/src/Illuminate/Routing/Route.php(204): Illuminate\\Routing\\Route->runController()
#5 /var/www/officiarycare/api/vendor/laravel/framework/src/Illuminate/Routing/Router.php(725): Illuminate\\Routing\\Route->run()
#6 /var/www/officiarycare/api/vendor/laravel/framework/src/Illuminate/Pipeline/Pipeline.php(141): Illuminate\\Routing\\Router->Illuminate\\Routing\\{closure}()
#7 /var/www/officiarycare/api/app/Http/Middleware/RedirectIfAuthenticated.php(30): Illuminate\\Pipeline\\Pipeline->Illuminate\\Pipeline\\{closure}()
#8 /var/www/officiarycare/api/vendor/laravel/framework/src/Illuminate/Pipeline/Pipeline.php(180): App\\Http\\Middleware\\RedirectIfAuthenticated->handle()
#9 /var/www/officiarycare/api/vendor/laravel/framework/src/Illuminate/Routing/Middleware/SubstituteBindings.php(50): Illuminate\\Pipeline\\Pipeline->Illuminate\\Pipeline\\{closure}()
#10 /var/www/officiarycare/api/vendor/laravel/framework/src/Illuminate/Pipeline/Pipeline.php(180): Illuminate\\Routing\\Middleware\\SubstituteBindings->handle()
#11 /var/www/officiarycare/api/vendor/laravel/framework/src/Illuminate/Routing/Middleware/ThrottleRequests.php(126): Illuminate\\Pipeline\\Pipeline->Illuminate\\Pipeline\\{closure}()
#12 /var/www/officiarycare/api/vendor/laravel/framework/src/Illuminate/Routing/Middleware/ThrottleRequests.php(102): Illuminate\\Routing\\Middleware\\ThrottleRequests->handleRequest()
#13 /var/www/officiarycare/api/vendor/laravel/framework/src/Illuminate/Routing/Middleware/ThrottleRequests.php(54): Illuminate\\Routing\\Middleware\\ThrottleRequests->handleRequestUsingNamedLimiter()
#14 /var/www/officiarycare/api/vendor/laravel/framework/src/Illuminate/Pipeline/Pipeline.php(180): Illuminate\\Routing\\Middleware\\ThrottleRequests->handle()
#15 /var/www/officiarycare/api/vendor/laravel/sanctum/src/Http/Middleware/EnsureFrontendRequestsAreStateful.php(33): Illuminate\\Pipeline\\Pipeline->Illuminate\\Pipeline\\{closure}()
#16 /var/www/officiarycare/api/vendor/laravel/framework/src/Illuminate/Pipeline/Pipeline.php(141): Laravel\\Sanctum\\Http\\Middleware\\EnsureFrontendRequestsAreStateful->Laravel\\Sanctum\\Http\\Middleware\\{closure}()
#17 /var/www/officiarycare/api/vendor/laravel/framework/src/Illuminate/Pipeline/Pipeline.php(116): Illuminate\\Pipeline\\Pipeline->Illuminate\\Pipeline\\{closure}()
#18 /var/www/officiarycare/api/vendor/laravel/sanctum/src/Http/Middleware/EnsureFrontendRequestsAreStateful.php(34): Illuminate\\Pipeline\\Pipeline->then()
#19 /var/www/officiarycare/api/vendor/laravel/framework/src/Illuminate/Pipeline/Pipeline.php(180): Laravel\\Sanctum\\Http\\Middleware\\EnsureFrontendRequestsAreStateful->handle()
#20 /var/www/officiarycare/api/vendor/laravel/framework/src/Illuminate/Pipeline/Pipeline.php(116): Illuminate\\Pipeline\\Pipeline->Illuminate\\Pipeline\\{closure}()
#21 /var/www/officiarycare/api/vendor/laravel/framework/src/Illuminate/Routing/Router.php(726): Illuminate\\Pipeline\\Pipeline->then()
#22 /var/www/officiarycare/api/vendor/laravel/framework/src/Illuminate/Routing/Router.php(703): Illuminate\\Routing\\Router->runRouteWithinStack()
#23 /var/www/officiarycare/api/vendor/laravel/framework/src/Illuminate/Routing/Router.php(667): Illuminate\\Routing\\Router->runRoute()
#24 /var/www/officiarycare/api/vendor/laravel/framework/src/Illuminate/Routing/Router.php(656): Illuminate\\Routing\\Router->dispatchToRoute()
#25 /var/www/officiarycare/api/vendor/laravel/framework/src/Illuminate/Foundation/Http/Kernel.php(167): Illuminate\\Routing\\Router->dispatch()
#26 /var/www/officiarycare/api/vendor/laravel/framework/src/Illuminate/Pipeline/Pipeline.php(141): Illuminate\\Foundation\\Http\\Kernel->Illuminate\\Foundation\\Http\\{closure}()
#27 /var/www/officiarycare/api/vendor/laravel/framework/src/Illuminate/Foundation/Http/Middleware/TransformsRequest.php(21): Illuminate\\Pipeline\\Pipeline->Illuminate\\Pipeline\\{closure}()
#28 /var/www/officiarycare/api/vendor/laravel/framework/src/Illuminate/Foundation/Http/Middleware/ConvertEmptyStringsToNull.php(31): Illuminate\\Foundation\\Http\\Middleware\\TransformsRequest->handle()
#29 /var/www/officiarycare/api/vendor/laravel/framework/src/Illuminate/Pipeline/Pipeline.php(180): Illuminate\\Foundation\\Http\\Middleware\\ConvertEmptyStringsToNull->handle()
#30 /var/www/officiarycare/api/vendor/laravel/framework/src/Illuminate/Foundation/Http/Middleware/TransformsRequest.php(21): Illuminate\\Pipeline\\Pipeline->Illuminate\\Pipeline\\{closure}()
#31 /var/www/officiarycare/api/vendor/laravel/framework/src/Illuminate/Foundation/Http/Middleware/TrimStrings.php(40): Illuminate\\Foundation\\Http\\Middleware\\TransformsRequest->handle()
#32 /var/www/officiarycare/api/vendor/laravel/framework/src/Illuminate/Pipeline/Pipeline.php(180): Illuminate\\Foundation\\Http\\Middleware\\TrimStrings->handle()
#33 /var/www/officiarycare/api/vendor/laravel/framework/src/Illuminate/Foundation/Http/Middleware/ValidatePostSize.php(27): Illuminate\\Pipeline\\Pipeline->Illuminate\\Pipeline\\{closure}()
#34 /var/www/officiarycare/api/vendor/laravel/framework/src/Illuminate/Pipeline/Pipeline.php(180): Illuminate\\Foundation\\Http\\Middleware\\ValidatePostSize->handle()
#35 /var/www/officiarycare/api/vendor/laravel/framework/src/Illuminate/Foundation/Http/Middleware/PreventRequestsDuringMaintenance.php(86): Illuminate\\Pipeline\\Pipeline->Illuminate\\Pipeline\\{closure}()
#36 /var/www/officiarycare/api/vendor/laravel/framework/src/Illuminate/Pipeline/Pipeline.php(180): Illuminate\\Foundation\\Http\\Middleware\\PreventRequestsDuringMaintenance->handle()
#37 /var/www/officiarycare/api/vendor/laravel/framework/src/Illuminate/Http/Middleware/HandleCors.php(62): Illuminate\\Pipeline\\Pipeline->Illuminate\\Pipeline\\{closure}()
#38 /var/www/officiarycare/api/vendor/laravel/framework/src/Illuminate/Pipeline/Pipeline.php(180): Illuminate\\Http\\Middleware\\HandleCors->handle()
#39 /var/www/officiarycare/api/vendor/laravel/framework/src/Illuminate/Http/Middleware/TrustProxies.php(39): Illuminate\\Pipeline\\Pipeline->Illuminate\\Pipeline\\{closure}()
#40 /var/www/officiarycare/api/vendor/laravel/framework/src/Illuminate/Pipeline/Pipeline.php(180): Illuminate\\Http\\Middleware\\TrustProxies->handle()
#41 /var/www/officiarycare/api/vendor/laravel/framework/src/Illuminate/Pipeline/Pipeline.php(116): Illuminate\\Pipeline\\Pipeline->Illuminate\\Pipeline\\{closure}()
#42 /var/www/officiarycare/api/vendor/laravel/framework/src/Illuminate/Foundation/Http/Kernel.php(142): Illuminate\\Pipeline\\Pipeline->then()
#43 /var/www/officiarycare/api/vendor/laravel/framework/src/Illuminate/Foundation/Http/Kernel.php(111): Illuminate\\Foundation\\Http\\Kernel->sendRequestThroughRouter()
#44 /var/www/officiarycare/api/public/index.php(52): Illuminate\\Foundation\\Http\\Kernel->handle()
#45 /var/www/officiarycare/api/vendor/laravel/framework/src/Illuminate/Foundation/resources/server.php(16): require_once('...')
#46 {main}
"} 
[2022-09-22 19:50:18] local.ERROR: Session store not set on request. {"userId":1,"exception":"[object] (RuntimeException(code: 0): Session store not set on request. at /var/www/officiarycare/api/vendor/laravel/framework/src/Illuminate/Http/Request.php:558)
[stacktrace]
#0 /var/www/officiarycare/api/app/Http/Controllers/Auth/AuthenticatedSessionController.php(22): Illuminate\\Http\\Request->session()
#1 /var/www/officiarycare/api/vendor/laravel/framework/src/Illuminate/Routing/Controller.php(54): App\\Http\\Controllers\\Auth\\AuthenticatedSessionController->store()
#2 /var/www/officiarycare/api/vendor/laravel/framework/src/Illuminate/Routing/ControllerDispatcher.php(45): Illuminate\\Routing\\Controller->callAction()
#3 /var/www/officiarycare/api/vendor/laravel/framework/src/Illuminate/Routing/Route.php(261): Illuminate\\Routing\\ControllerDispatcher->dispatch()
#4 /var/www/officiarycare/api/vendor/laravel/framework/src/Illuminate/Routing/Route.php(204): Illuminate\\Routing\\Route->runController()
#5 /var/www/officiarycare/api/vendor/laravel/framework/src/Illuminate/Routing/Router.php(725): Illuminate\\Routing\\Route->run()
#6 /var/www/officiarycare/api/vendor/laravel/framework/src/Illuminate/Pipeline/Pipeline.php(141): Illuminate\\Routing\\Router->Illuminate\\Routing\\{closure}()
#7 /var/www/officiarycare/api/app/Http/Middleware/RedirectIfAuthenticated.php(30): Illuminate\\Pipeline\\Pipeline->Illuminate\\Pipeline\\{closure}()
#8 /var/www/officiarycare/api/vendor/laravel/framework/src/Illuminate/Pipeline/Pipeline.php(180): App\\Http\\Middleware\\RedirectIfAuthenticated->handle()
#9 /var/www/officiarycare/api/vendor/laravel/framework/src/Illuminate/Routing/Middleware/SubstituteBindings.php(50): Illuminate\\Pipeline\\Pipeline->Illuminate\\Pipeline\\{closure}()
#10 /var/www/officiarycare/api/vendor/laravel/framework/src/Illuminate/Pipeline/Pipeline.php(180): Illuminate\\Routing\\Middleware\\SubstituteBindings->handle()
#11 /var/www/officiarycare/api/vendor/laravel/framework/src/Illuminate/Routing/Middleware/ThrottleRequests.php(126): Illuminate\\Pipeline\\Pipeline->Illuminate\\Pipeline\\{closure}()
#12 /var/www/officiarycare/api/vendor/laravel/framework/src/Illuminate/Routing/Middleware/ThrottleRequests.php(102): Illuminate\\Routing\\Middleware\\ThrottleRequests->handleRequest()
#13 /var/www/officiarycare/api/vendor/laravel/framework/src/Illuminate/Routing/Middleware/ThrottleRequests.php(54): Illuminate\\Routing\\Middleware\\ThrottleRequests->handleRequestUsingNamedLimiter()
#14 /var/www/officiarycare/api/vendor/laravel/framework/src/Illuminate/Pipeline/Pipeline.php(180): Illuminate\\Routing\\Middleware\\ThrottleRequests->handle()
#15 /var/www/officiarycare/api/vendor/laravel/sanctum/src/Http/Middleware/EnsureFrontendRequestsAreStateful.php(33): Illuminate\\Pipeline\\Pipeline->Illuminate\\Pipeline\\{closure}()
#16 /var/www/officiarycare/api/vendor/laravel/framework/src/Illuminate/Pipeline/Pipeline.php(141): Laravel\\Sanctum\\Http\\Middleware\\EnsureFrontendRequestsAreStateful->Laravel\\Sanctum\\Http\\Middleware\\{closure}()
#17 /var/www/officiarycare/api/vendor/laravel/framework/src/Illuminate/Pipeline/Pipeline.php(116): Illuminate\\Pipeline\\Pipeline->Illuminate\\Pipeline\\{closure}()
#18 /var/www/officiarycare/api/vendor/laravel/sanctum/src/Http/Middleware/EnsureFrontendRequestsAreStateful.php(34): Illuminate\\Pipeline\\Pipeline->then()
#19 /var/www/officiarycare/api/vendor/laravel/framework/src/Illuminate/Pipeline/Pipeline.php(180): Laravel\\Sanctum\\Http\\Middleware\\EnsureFrontendRequestsAreStateful->handle()
#20 /var/www/officiarycare/api/vendor/laravel/framework/src/Illuminate/Pipeline/Pipeline.php(116): Illuminate\\Pipeline\\Pipeline->Illuminate\\Pipeline\\{closure}()
#21 /var/www/officiarycare/api/vendor/laravel/framework/src/Illuminate/Routing/Router.php(726): Illuminate\\Pipeline\\Pipeline->then()
#22 /var/www/officiarycare/api/vendor/laravel/framework/src/Illuminate/Routing/Router.php(703): Illuminate\\Routing\\Router->runRouteWithinStack()
#23 /var/www/officiarycare/api/vendor/laravel/framework/src/Illuminate/Routing/Router.php(667): Illuminate\\Routing\\Router->runRoute()
#24 /var/www/officiarycare/api/vendor/laravel/framework/src/Illuminate/Routing/Router.php(656): Illuminate\\Routing\\Router->dispatchToRoute()
#25 /var/www/officiarycare/api/vendor/laravel/framework/src/Illuminate/Foundation/Http/Kernel.php(167): Illuminate\\Routing\\Router->dispatch()
#26 /var/www/officiarycare/api/vendor/laravel/framework/src/Illuminate/Pipeline/Pipeline.php(141): Illuminate\\Foundation\\Http\\Kernel->Illuminate\\Foundation\\Http\\{closure}()
#27 /var/www/officiarycare/api/vendor/laravel/framework/src/Illuminate/Foundation/Http/Middleware/TransformsRequest.php(21): Illuminate\\Pipeline\\Pipeline->Illuminate\\Pipeline\\{closure}()
#28 /var/www/officiarycare/api/vendor/laravel/framework/src/Illuminate/Foundation/Http/Middleware/ConvertEmptyStringsToNull.php(31): Illuminate\\Foundation\\Http\\Middleware\\TransformsRequest->handle()
#29 /var/www/officiarycare/api/vendor/laravel/framework/src/Illuminate/Pipeline/Pipeline.php(180): Illuminate\\Foundation\\Http\\Middleware\\ConvertEmptyStringsToNull->handle()
#30 /var/www/officiarycare/api/vendor/laravel/framework/src/Illuminate/Foundation/Http/Middleware/TransformsRequest.php(21): Illuminate\\Pipeline\\Pipeline->Illuminate\\Pipeline\\{closure}()
#31 /var/www/officiarycare/api/vendor/laravel/framework/src/Illuminate/Foundation/Http/Middleware/TrimStrings.php(40): Illuminate\\Foundation\\Http\\Middleware\\TransformsRequest->handle()
#32 /var/www/officiarycare/api/vendor/laravel/framework/src/Illuminate/Pipeline/Pipeline.php(180): Illuminate\\Foundation\\Http\\Middleware\\TrimStrings->handle()
#33 /var/www/officiarycare/api/vendor/laravel/framework/src/Illuminate/Foundation/Http/Middleware/ValidatePostSize.php(27): Illuminate\\Pipeline\\Pipeline->Illuminate\\Pipeline\\{closure}()
#34 /var/www/officiarycare/api/vendor/laravel/framework/src/Illuminate/Pipeline/Pipeline.php(180): Illuminate\\Foundation\\Http\\Middleware\\ValidatePostSize->handle()
#35 /var/www/officiarycare/api/vendor/laravel/framework/src/Illuminate/Foundation/Http/Middleware/PreventRequestsDuringMaintenance.php(86): Illuminate\\Pipeline\\Pipeline->Illuminate\\Pipeline\\{closure}()
#36 /var/www/officiarycare/api/vendor/laravel/framework/src/Illuminate/Pipeline/Pipeline.php(180): Illuminate\\Foundation\\Http\\Middleware\\PreventRequestsDuringMaintenance->handle()
#37 /var/www/officiarycare/api/vendor/laravel/framework/src/Illuminate/Http/Middleware/HandleCors.php(62): Illuminate\\Pipeline\\Pipeline->Illuminate\\Pipeline\\{closure}()
#38 /var/www/officiarycare/api/vendor/laravel/framework/src/Illuminate/Pipeline/Pipeline.php(180): Illuminate\\Http\\Middleware\\HandleCors->handle()
#39 /var/www/officiarycare/api/vendor/laravel/framework/src/Illuminate/Http/Middleware/TrustProxies.php(39): Illuminate\\Pipeline\\Pipeline->Illuminate\\Pipeline\\{closure}()
#40 /var/www/officiarycare/api/vendor/laravel/framework/src/Illuminate/Pipeline/Pipeline.php(180): Illuminate\\Http\\Middleware\\TrustProxies->handle()
#41 /var/www/officiarycare/api/vendor/laravel/framework/src/Illuminate/Pipeline/Pipeline.php(116): Illuminate\\Pipeline\\Pipeline->Illuminate\\Pipeline\\{closure}()
#42 /var/www/officiarycare/api/vendor/laravel/framework/src/Illuminate/Foundation/Http/Kernel.php(142): Illuminate\\Pipeline\\Pipeline->then()
#43 /var/www/officiarycare/api/vendor/laravel/framework/src/Illuminate/Foundation/Http/Kernel.php(111): Illuminate\\Foundation\\Http\\Kernel->sendRequestThroughRouter()
#44 /var/www/officiarycare/api/public/index.php(52): Illuminate\\Foundation\\Http\\Kernel->handle()
#45 /var/www/officiarycare/api/vendor/laravel/framework/src/Illuminate/Foundation/resources/server.php(16): require_once('...')
#46 {main}
"} 
[2022-09-22 19:51:41] local.ERROR: Session store not set on request. {"userId":1,"exception":"[object] (RuntimeException(code: 0): Session store not set on request. at /var/www/officiarycare/api/vendor/laravel/framework/src/Illuminate/Http/Request.php:558)
[stacktrace]
#0 /var/www/officiarycare/api/app/Http/Controllers/Auth/AuthenticatedSessionController.php(22): Illuminate\\Http\\Request->session()
#1 /var/www/officiarycare/api/vendor/laravel/framework/src/Illuminate/Routing/Controller.php(54): App\\Http\\Controllers\\Auth\\AuthenticatedSessionController->store()
#2 /var/www/officiarycare/api/vendor/laravel/framework/src/Illuminate/Routing/ControllerDispatcher.php(45): Illuminate\\Routing\\Controller->callAction()
#3 /var/www/officiarycare/api/vendor/laravel/framework/src/Illuminate/Routing/Route.php(261): Illuminate\\Routing\\ControllerDispatcher->dispatch()
#4 /var/www/officiarycare/api/vendor/laravel/framework/src/Illuminate/Routing/Route.php(204): Illuminate\\Routing\\Route->runController()
#5 /var/www/officiarycare/api/vendor/laravel/framework/src/Illuminate/Routing/Router.php(725): Illuminate\\Routing\\Route->run()
#6 /var/www/officiarycare/api/vendor/laravel/framework/src/Illuminate/Pipeline/Pipeline.php(141): Illuminate\\Routing\\Router->Illuminate\\Routing\\{closure}()
#7 /var/www/officiarycare/api/app/Http/Middleware/RedirectIfAuthenticated.php(30): Illuminate\\Pipeline\\Pipeline->Illuminate\\Pipeline\\{closure}()
#8 /var/www/officiarycare/api/vendor/laravel/framework/src/Illuminate/Pipeline/Pipeline.php(180): App\\Http\\Middleware\\RedirectIfAuthenticated->handle()
#9 /var/www/officiarycare/api/vendor/laravel/framework/src/Illuminate/Routing/Middleware/SubstituteBindings.php(50): Illuminate\\Pipeline\\Pipeline->Illuminate\\Pipeline\\{closure}()
#10 /var/www/officiarycare/api/vendor/laravel/framework/src/Illuminate/Pipeline/Pipeline.php(180): Illuminate\\Routing\\Middleware\\SubstituteBindings->handle()
#11 /var/www/officiarycare/api/vendor/laravel/framework/src/Illuminate/Routing/Middleware/ThrottleRequests.php(126): Illuminate\\Pipeline\\Pipeline->Illuminate\\Pipeline\\{closure}()
#12 /var/www/officiarycare/api/vendor/laravel/framework/src/Illuminate/Routing/Middleware/ThrottleRequests.php(102): Illuminate\\Routing\\Middleware\\ThrottleRequests->handleRequest()
#13 /var/www/officiarycare/api/vendor/laravel/framework/src/Illuminate/Routing/Middleware/ThrottleRequests.php(54): Illuminate\\Routing\\Middleware\\ThrottleRequests->handleRequestUsingNamedLimiter()
#14 /var/www/officiarycare/api/vendor/laravel/framework/src/Illuminate/Pipeline/Pipeline.php(180): Illuminate\\Routing\\Middleware\\ThrottleRequests->handle()
#15 /var/www/officiarycare/api/vendor/laravel/sanctum/src/Http/Middleware/EnsureFrontendRequestsAreStateful.php(33): Illuminate\\Pipeline\\Pipeline->Illuminate\\Pipeline\\{closure}()
#16 /var/www/officiarycare/api/vendor/laravel/framework/src/Illuminate/Pipeline/Pipeline.php(141): Laravel\\Sanctum\\Http\\Middleware\\EnsureFrontendRequestsAreStateful->Laravel\\Sanctum\\Http\\Middleware\\{closure}()
#17 /var/www/officiarycare/api/vendor/laravel/framework/src/Illuminate/Pipeline/Pipeline.php(116): Illuminate\\Pipeline\\Pipeline->Illuminate\\Pipeline\\{closure}()
#18 /var/www/officiarycare/api/vendor/laravel/sanctum/src/Http/Middleware/EnsureFrontendRequestsAreStateful.php(34): Illuminate\\Pipeline\\Pipeline->then()
#19 /var/www/officiarycare/api/vendor/laravel/framework/src/Illuminate/Pipeline/Pipeline.php(180): Laravel\\Sanctum\\Http\\Middleware\\EnsureFrontendRequestsAreStateful->handle()
#20 /var/www/officiarycare/api/vendor/laravel/framework/src/Illuminate/Pipeline/Pipeline.php(116): Illuminate\\Pipeline\\Pipeline->Illuminate\\Pipeline\\{closure}()
#21 /var/www/officiarycare/api/vendor/laravel/framework/src/Illuminate/Routing/Router.php(726): Illuminate\\Pipeline\\Pipeline->then()
#22 /var/www/officiarycare/api/vendor/laravel/framework/src/Illuminate/Routing/Router.php(703): Illuminate\\Routing\\Router->runRouteWithinStack()
#23 /var/www/officiarycare/api/vendor/laravel/framework/src/Illuminate/Routing/Router.php(667): Illuminate\\Routing\\Router->runRoute()
#24 /var/www/officiarycare/api/vendor/laravel/framework/src/Illuminate/Routing/Router.php(656): Illuminate\\Routing\\Router->dispatchToRoute()
#25 /var/www/officiarycare/api/vendor/laravel/framework/src/Illuminate/Foundation/Http/Kernel.php(167): Illuminate\\Routing\\Router->dispatch()
#26 /var/www/officiarycare/api/vendor/laravel/framework/src/Illuminate/Pipeline/Pipeline.php(141): Illuminate\\Foundation\\Http\\Kernel->Illuminate\\Foundation\\Http\\{closure}()
#27 /var/www/officiarycare/api/vendor/laravel/framework/src/Illuminate/Foundation/Http/Middleware/TransformsRequest.php(21): Illuminate\\Pipeline\\Pipeline->Illuminate\\Pipeline\\{closure}()
#28 /var/www/officiarycare/api/vendor/laravel/framework/src/Illuminate/Foundation/Http/Middleware/ConvertEmptyStringsToNull.php(31): Illuminate\\Foundation\\Http\\Middleware\\TransformsRequest->handle()
#29 /var/www/officiarycare/api/vendor/laravel/framework/src/Illuminate/Pipeline/Pipeline.php(180): Illuminate\\Foundation\\Http\\Middleware\\ConvertEmptyStringsToNull->handle()
#30 /var/www/officiarycare/api/vendor/laravel/framework/src/Illuminate/Foundation/Http/Middleware/TransformsRequest.php(21): Illuminate\\Pipeline\\Pipeline->Illuminate\\Pipeline\\{closure}()
#31 /var/www/officiarycare/api/vendor/laravel/framework/src/Illuminate/Foundation/Http/Middleware/TrimStrings.php(40): Illuminate\\Foundation\\Http\\Middleware\\TransformsRequest->handle()
#32 /var/www/officiarycare/api/vendor/laravel/framework/src/Illuminate/Pipeline/Pipeline.php(180): Illuminate\\Foundation\\Http\\Middleware\\TrimStrings->handle()
#33 /var/www/officiarycare/api/vendor/laravel/framework/src/Illuminate/Foundation/Http/Middleware/ValidatePostSize.php(27): Illuminate\\Pipeline\\Pipeline->Illuminate\\Pipeline\\{closure}()
#34 /var/www/officiarycare/api/vendor/laravel/framework/src/Illuminate/Pipeline/Pipeline.php(180): Illuminate\\Foundation\\Http\\Middleware\\ValidatePostSize->handle()
#35 /var/www/officiarycare/api/vendor/laravel/framework/src/Illuminate/Foundation/Http/Middleware/PreventRequestsDuringMaintenance.php(86): Illuminate\\Pipeline\\Pipeline->Illuminate\\Pipeline\\{closure}()
#36 /var/www/officiarycare/api/vendor/laravel/framework/src/Illuminate/Pipeline/Pipeline.php(180): Illuminate\\Foundation\\Http\\Middleware\\PreventRequestsDuringMaintenance->handle()
#37 /var/www/officiarycare/api/vendor/laravel/framework/src/Illuminate/Http/Middleware/HandleCors.php(62): Illuminate\\Pipeline\\Pipeline->Illuminate\\Pipeline\\{closure}()
#38 /var/www/officiarycare/api/vendor/laravel/framework/src/Illuminate/Pipeline/Pipeline.php(180): Illuminate\\Http\\Middleware\\HandleCors->handle()
#39 /var/www/officiarycare/api/vendor/laravel/framework/src/Illuminate/Http/Middleware/TrustProxies.php(39): Illuminate\\Pipeline\\Pipeline->Illuminate\\Pipeline\\{closure}()
#40 /var/www/officiarycare/api/vendor/laravel/framework/src/Illuminate/Pipeline/Pipeline.php(180): Illuminate\\Http\\Middleware\\TrustProxies->handle()
#41 /var/www/officiarycare/api/vendor/laravel/framework/src/Illuminate/Pipeline/Pipeline.php(116): Illuminate\\Pipeline\\Pipeline->Illuminate\\Pipeline\\{closure}()
#42 /var/www/officiarycare/api/vendor/laravel/framework/src/Illuminate/Foundation/Http/Kernel.php(142): Illuminate\\Pipeline\\Pipeline->then()
#43 /var/www/officiarycare/api/vendor/laravel/framework/src/Illuminate/Foundation/Http/Kernel.php(111): Illuminate\\Foundation\\Http\\Kernel->sendRequestThroughRouter()
#44 /var/www/officiarycare/api/public/index.php(52): Illuminate\\Foundation\\Http\\Kernel->handle()
#45 /var/www/officiarycare/api/vendor/laravel/framework/src/Illuminate/Foundation/resources/server.php(16): require_once('...')
#46 {main}
"} 
